# JRE version: Java(TM) SE Runtime Environment (8.0_71-b15) (build 1.8.0_71-b15)
# Java VM: Java HotSpot(TM) Client VM (25.71-b15 mixed mode windows-x86 )
Heap:
 def new generation   total 27008K, used 21837K [0x02c00000, 0x04940000, 0x18150000)
  eden space 24064K,  79% used [0x02c00000, 0x03ecb618, 0x04380000)
  from space 2944K,  88% used [0x04660000, 0x048e7ed8, 0x04940000)
  to   space 2944K,   0% used [0x04380000, 0x04380000, 0x04660000)
 tenured generation   total 59740K, used 54190K [0x18150000, 0x1bba7000, 0x42c00000)
   the space 59740K,  90% used [0x18150000, 0x1b63b810, 0x1b63ba00, 0x1bba7000)
 Metaspace       used 38283K, capacity 39506K, committed 39552K, reserved 40320K
GC Heap History (10 events):
Event: 155.893 GC heap before
{Heap before GC invocations=105 (full 5):
 def new generation   total 27008K, used 25515K [0x02c00000, 0x04940000, 0x18150000)
  eden space 24064K, 100% used [0x02c00000, 0x04380000, 0x04380000)
  from space 2944K,  49% used [0x04380000, 0x044eae18, 0x04660000)
  to   space 2944K,   0% used [0x04660000, 0x04660000, 0x04940000)
 tenured generation   total 59740K, used 44694K [0x18150000, 0x1bba7000, 0x42c00000)
   the space 59740K,  74% used [0x18150000, 0x1acf5978, 0x1acf5a00, 0x1bba7000)
 Metaspace       used 36719K, capacity 37899K, committed 38016K, reserved 38272K
Event: 155.904 GC heap after
Heap after GC invocations=106 (full 5):
 def new generation   total 27008K, used 1479K [0x02c00000, 0x04940000, 0x18150000)
  eden space 24064K,   0% used [0x02c00000, 0x02c00000, 0x04380000)
  from space 2944K,  50% used [0x04660000, 0x047d1f38, 0x04940000)
  to   space 2944K,   0% used [0x04380000, 0x04380000, 0x04660000)
 tenured generation   total 59740K, used 44694K [0x18150000, 0x1bba7000, 0x42c00000)
   the space 59740K,  74% used [0x18150000, 0x1acf5978, 0x1acf5a00, 0x1bba7000)
 Metaspace       used 36719K, capacity 37899K, committed 38016K, reserved 38272K
}
Event: 160.055 GC heap before
{Heap before GC invocations=106 (full 5):
 def new generation   total 27008K, used 25543K [0x02c00000, 0x04940000, 0x18150000)
  eden space 24064K, 100% used [0x02c00000, 0x04380000, 0x04380000)
  from space 2944K,  50% used [0x04660000, 0x047d1f38, 0x04940000)
  to   space 2944K,   0% used [0x04380000, 0x04380000, 0x04660000)
 tenured generation   total 59740K, used 44694K [0x18150000, 0x1bba7000, 0x42c00000)
   the space 59740K,  74% used [0x18150000, 0x1acf5978, 0x1acf5a00, 0x1bba7000)
 Metaspace       used 37159K, capacity 38311K, committed 38400K, reserved 39296K
Event: 160.087 GC heap after
Heap after GC invocations=107 (full 5):
 def new generation   total 27008K, used 2944K [0x02c00000, 0x04940000, 0x18150000)
  eden space 24064K,   0% used [0x02c00000, 0x02c00000, 0x04380000)
  from space 2944K, 100% used [0x04380000, 0x04660000, 0x04660000)
  to   space 2944K,   0% used [0x04660000, 0x04660000, 0x04940000)
 tenured generation   total 59740K, used 46293K [0x18150000, 0x1bba7000, 0x42c00000)
   the space 59740K,  77% used [0x18150000, 0x1ae85718, 0x1ae85800, 0x1bba7000)
 Metaspace       used 37159K, capacity 38311K, committed 38400K, reserved 39296K
}
Event: 163.718 GC heap before
{Heap before GC invocations=107 (full 5):
 def new generation   total 27008K, used 27008K [0x02c00000, 0x04940000, 0x18150000)
  eden space 24064K, 100% used [0x02c00000, 0x04380000, 0x04380000)
  from space 2944K, 100% used [0x04380000, 0x04660000, 0x04660000)
  to   space 2944K,   0% used [0x04660000, 0x04660000, 0x04940000)
 tenured generation   total 59740K, used 46293K [0x18150000, 0x1bba7000, 0x42c00000)
   the space 59740K,  77% used [0x18150000, 0x1ae85718, 0x1ae85800, 0x1bba7000)
 Metaspace       used 37685K, capacity 38877K, committed 38912K, reserved 39296K
Event: 163.747 GC heap after
Heap after GC invocations=108 (full 5):
 def new generation   total 27008K, used 1670K [0x02c00000, 0x04940000, 0x18150000)
  eden space 24064K,   0% used [0x02c00000, 0x02c00000, 0x04380000)
  from space 2944K,  56% used [0x04660000, 0x048018e0, 0x04940000)
  to   space 2944K,   0% used [0x04380000, 0x04380000, 0x04660000)
 tenured generation   total 59740K, used 49038K [0x18150000, 0x1bba7000, 0x42c00000)
   the space 59740K,  82% used [0x18150000, 0x1b133960, 0x1b133a00, 0x1bba7000)
 Metaspace       used 37685K, capacity 38877K, committed 38912K, reserved 39296K
}
Event: 164.324 GC heap before
{Heap before GC invocations=108 (full 5):
 def new generation   total 27008K, used 25734K [0x02c00000, 0x04940000, 0x18150000)
  eden space 24064K, 100% used [0x02c00000, 0x04380000, 0x04380000)
  from space 2944K,  56% used [0x04660000, 0x048018e0, 0x04940000)
  to   space 2944K,   0% used [0x04380000, 0x04380000, 0x04660000)
 tenured generation   total 59740K, used 49038K [0x18150000, 0x1bba7000, 0x42c00000)
   the space 59740K,  82% used [0x18150000, 0x1b133960, 0x1b133a00, 0x1bba7000)
 Metaspace       used 37708K, capacity 38909K, committed 39040K, reserved 39296K
Event: 164.360 GC heap after
Heap after GC invocations=109 (full 5):
 def new generation   total 27008K, used 2944K [0x02c00000, 0x04940000, 0x18150000)
  eden space 24064K,   0% used [0x02c00000, 0x02c00000, 0x04380000)
  from space 2944K, 100% used [0x04380000, 0x04660000, 0x04660000)
  to   space 2944K,   0% used [0x04660000, 0x04660000, 0x04940000)
 tenured generation   total 59740K, used 51301K [0x18150000, 0x1bba7000, 0x42c00000)
   the space 59740K,  85% used [0x18150000, 0x1b369580, 0x1b369600, 0x1bba7000)
 Metaspace       used 37708K, capacity 38909K, committed 39040K, reserved 39296K
}
Event: 169.217 GC heap before
{Heap before GC invocations=109 (full 5):
 def new generation   total 27008K, used 27008K [0x02c00000, 0x04940000, 0x18150000)
  eden space 24064K, 100% used [0x02c00000, 0x04380000, 0x04380000)
  from space 2944K, 100% used [0x04380000, 0x04660000, 0x04660000)
  to   space 2944K,   0% used [0x04660000, 0x04660000, 0x04940000)
 tenured generation   total 59740K, used 51301K [0x18150000, 0x1bba7000, 0x42c00000)
   the space 59740K,  85% used [0x18150000, 0x1b369580, 0x1b369600, 0x1bba7000)
 Metaspace       used 37995K, capacity 39183K, committed 39296K, reserved 39296K
Event: 169.255 GC heap after
Heap after GC invocations=110 (full 5):
 def new generation   total 27008K, used 2591K [0x02c00000, 0x04940000, 0x18150000)
  eden space 24064K,   0% used [0x02c00000, 0x02c00000, 0x04380000)
  from space 2944K,  88% used [0x04660000, 0x048e7ed8, 0x04940000)
  to   space 2944K,   0% used [0x04380000, 0x04380000, 0x04660000)
 tenured generation   total 59740K, used 54190K [0x18150000, 0x1bba7000, 0x42c00000)
   the space 59740K,  90% used [0x18150000, 0x1b63b810, 0x1b63ba00, 0x1bba7000)
 Metaspace       used 37995K, capacity 39183K, committed 39296K, reserved 39296K
}

